Release 14.5 - xst P.58f (nt64)
Copyright (c) 1995-2012 Xilinx, Inc.  All rights reserved.
--> Parameter TMPDIR set to xst/projnav.tmp


Total REAL time to Xst completion: 0.00 secs
Total CPU time to Xst completion: 0.16 secs
 
--> Parameter xsthdpdir set to xst


Total REAL time to Xst completion: 0.00 secs
Total CPU time to Xst completion: 0.16 secs
 
--> Reading design: pcModule.prj

TABLE OF CONTENTS
  1) Synthesis Options Summary
  2) HDL Compilation
  3) Design Hierarchy Analysis
  4) HDL Analysis
  5) HDL Synthesis
     5.1) HDL Synthesis Report
  6) Advanced HDL Synthesis
     6.1) Advanced HDL Synthesis Report
  7) Low Level Synthesis
  8) Partition Report
  9) Final Report
	9.1) Device utilization summary
	9.2) Partition Resource Summary
	9.3) TIMING REPORT


=========================================================================
*                      Synthesis Options Summary                        *
=========================================================================
---- Source Parameters
Input File Name                    : "pcModule.prj"
Input Format                       : mixed
Ignore Synthesis Constraint File   : NO

---- Target Parameters
Output File Name                   : "pcModule"
Output Format                      : NGC
Target Device                      : xc3s100e-4-cp132

---- Source Options
Top Module Name                    : pcModule
Automatic FSM Extraction           : YES
FSM Encoding Algorithm             : Auto
Safe Implementation                : No
FSM Style                          : LUT
RAM Extraction                     : Yes
RAM Style                          : Auto
ROM Extraction                     : Yes
Mux Style                          : Auto
Decoder Extraction                 : YES
Priority Encoder Extraction        : Yes
Shift Register Extraction          : YES
Logical Shifter Extraction         : YES
XOR Collapsing                     : YES
ROM Style                          : Auto
Mux Extraction                     : Yes
Resource Sharing                   : YES
Asynchronous To Synchronous        : NO
Multiplier Style                   : Auto
Automatic Register Balancing       : No

---- Target Options
Add IO Buffers                     : YES
Global Maximum Fanout              : 100000
Add Generic Clock Buffer(BUFG)     : 24
Register Duplication               : YES
Slice Packing                      : YES
Optimize Instantiated Primitives   : NO
Use Clock Enable                   : Yes
Use Synchronous Set                : Yes
Use Synchronous Reset              : Yes
Pack IO Registers into IOBs        : Auto
Equivalent register Removal        : YES

---- General Options
Optimization Goal                  : Speed
Optimization Effort                : 1
Keep Hierarchy                     : No
Netlist Hierarchy                  : As_Optimized
RTL Output                         : Yes
Global Optimization                : AllClockNets
Read Cores                         : YES
Write Timing Constraints           : NO
Cross Clock Analysis               : NO
Hierarchy Separator                : /
Bus Delimiter                      : <>
Case Specifier                     : Maintain
Slice Utilization Ratio            : 100
BRAM Utilization Ratio             : 100
Verilog 2001                       : YES
Auto BRAM Packing                  : NO
Slice Utilization Ratio Delta      : 5

=========================================================================


=========================================================================
*                          HDL Compilation                              *
=========================================================================
Compiling verilog file "pcModule.v" in library work
Module <pcModule> compiled
No errors in compilation
Analysis of file <"pcModule.prj"> succeeded.
 

=========================================================================
*                     Design Hierarchy Analysis                         *
=========================================================================
Analyzing hierarchy for module <pcModule> in library <work>.


=========================================================================
*                            HDL Analysis                               *
=========================================================================
Analyzing top module <pcModule>.
Module <pcModule> is correct for synthesis.
 

=========================================================================
*                           HDL Synthesis                               *
=========================================================================

Performing bidirectional port resolution...

Synthesizing Unit <pcModule>.
    Related source file is "pcModule.v".
    Found 8-bit register for signal <output_PC>.
    Found 8-bit adder for signal <output_R15>.
    Found 8-bit adder for signal <MUX$addsub0000> created at line 16.
    Summary:
	inferred   8 D-type flip-flop(s).
	inferred   2 Adder/Subtractor(s).
Unit <pcModule> synthesized.


=========================================================================
HDL Synthesis Report

Macro Statistics
# Adders/Subtractors                                   : 2
 8-bit adder                                           : 2
# Registers                                            : 1
 8-bit register                                        : 1

=========================================================================

=========================================================================
*                       Advanced HDL Synthesis                          *
=========================================================================


=========================================================================
Advanced HDL Synthesis Report

Macro Statistics
# Adders/Subtractors                                   : 2
 8-bit adder                                           : 2
# Registers                                            : 8
 Flip-Flops                                            : 8

=========================================================================

=========================================================================
*                         Low Level Synthesis                           *
=========================================================================

Optimizing unit <pcModule> ...

Mapping all equations...
Building and optimizing final netlist ...
Found area constraint ratio of 100 (+ 5) on block pcModule, actual ratio is 1.

Final Macro Processing ...

=========================================================================
Final Register Report

Macro Statistics
# Registers                                            : 8
 Flip-Flops                                            : 8

=========================================================================

=========================================================================
*                           Partition Report                            *
=========================================================================

Partition Implementation Status
-------------------------------

  No Partitions were found in this design.

-------------------------------

=========================================================================
*                            Final Report                               *
=========================================================================
Final Results
RTL Top Level Output File Name     : pcModule.ngr
Top Level Output File Name         : pcModule
Output Format                      : NGC
Optimization Goal                  : Speed
Keep Hierarchy                     : No

Design Statistics
# IOs                              : 26

Cell Usage :
# BELS                             : 27
#      INV                         : 1
#      LUT2                        : 2
#      LUT2_L                      : 1
#      LUT3                        : 6
#      LUT3_L                      : 2
#      LUT4                        : 12
#      LUT4_D                      : 1
#      LUT4_L                      : 1
#      MUXF5                       : 1
# FlipFlops/Latches                : 8
#      FD                          : 8
# Clock Buffers                    : 1
#      BUFGP                       : 1
# IO Buffers                       : 25
#      IBUF                        : 9
#      OBUF                        : 16
=========================================================================

Device utilization summary:
---------------------------

Selected Device : 3s100ecp132-4 

 Number of Slices:                       13  out of    960     1%  
 Number of Slice Flip Flops:              8  out of   1920     0%  
 Number of 4 input LUTs:                 26  out of   1920     1%  
 Number of IOs:                          26
 Number of bonded IOBs:                  26  out of     83    31%  
 Number of GCLKs:                         1  out of     24     4%  

---------------------------
Partition Resource Summary:
---------------------------

  No Partitions were found in this design.

---------------------------


=========================================================================
TIMING REPORT

NOTE: THESE TIMING NUMBERS ARE ONLY A SYNTHESIS ESTIMATE.
      FOR ACCURATE TIMING INFORMATION PLEASE REFER TO THE TRACE REPORT
      GENERATED AFTER PLACE-and-ROUTE.

Clock Information:
------------------
-----------------------------------+------------------------+-------+
Clock Signal                       | Clock buffer(FF name)  | Load  |
-----------------------------------+------------------------+-------+
CLK                                | BUFGP                  | 8     |
-----------------------------------+------------------------+-------+

Asynchronous Control Signals Information:
----------------------------------------
No asynchronous control signals found in this design

Timing Summary:
---------------
Speed Grade: -4

   Minimum period: 3.876ns (Maximum Frequency: 257.998MHz)
   Minimum input arrival time before clock: 4.815ns
   Maximum output required time after clock: 7.262ns
   Maximum combinational path delay: No path found

Timing Detail:
--------------
All values displayed in nanoseconds (ns)

=========================================================================
Timing constraint: Default period analysis for Clock 'CLK'
  Clock period: 3.876ns (frequency: 257.998MHz)
  Total number of paths / destination ports: 41 / 8
-------------------------------------------------------------------------
Delay:               3.876ns (Levels of Logic = 3)
  Source:            output_PC_5 (FF)
  Destination:       output_PC_7 (FF)
  Source Clock:      CLK rising
  Destination Clock: CLK rising

  Data Path: output_PC_5 to output_PC_7
                                Gate     Net
    Cell:in->out      fanout   Delay   Delay  Logical Name (Net Name)
    ----------------------------------------  ------------
     FD:C->Q               9   0.591   0.824  output_PC_5 (output_PC_5)
     LUT4:I3->O            1   0.704   0.000  MUX<7>_SW0_SW1_F (N15)
     MUXF5:I0->O           1   0.321   0.424  MUX<7>_SW0_SW1 (N13)
     LUT4:I3->O            1   0.704   0.000  MUX<7> (MUX<7>)
     FD:D                      0.308          output_PC_7
    ----------------------------------------
    Total                      3.876ns (2.628ns logic, 1.248ns route)
                                       (67.8% logic, 32.2% route)

=========================================================================
Timing constraint: Default OFFSET IN BEFORE for Clock 'CLK'
  Total number of paths / destination ports: 24 / 8
-------------------------------------------------------------------------
Offset:              4.815ns (Levels of Logic = 4)
  Source:            Selector (PAD)
  Destination:       output_PC_7 (FF)
  Destination Clock: CLK rising

  Data Path: Selector to output_PC_7
                                Gate     Net
    Cell:in->out      fanout   Delay   Delay  Logical Name (Net Name)
    ----------------------------------------  ------------
     IBUF:I->O            12   1.218   1.136  Selector_IBUF (Selector_IBUF)
     LUT4:I0->O            1   0.704   0.000  MUX<7>_SW0_SW1_F (N15)
     MUXF5:I0->O           1   0.321   0.424  MUX<7>_SW0_SW1 (N13)
     LUT4:I3->O            1   0.704   0.000  MUX<7> (MUX<7>)
     FD:D                      0.308          output_PC_7
    ----------------------------------------
    Total                      4.815ns (3.255ns logic, 1.560ns route)
                                       (67.6% logic, 32.4% route)

=========================================================================
Timing constraint: Default OFFSET OUT AFTER for Clock 'CLK'
  Total number of paths / destination ports: 37 / 16
-------------------------------------------------------------------------
Offset:              7.262ns (Levels of Logic = 3)
  Source:            output_PC_1 (FF)
  Destination:       output_R15<6> (PAD)
  Source Clock:      CLK rising

  Data Path: output_PC_1 to output_R15<6>
                                Gate     Net
    Cell:in->out      fanout   Delay   Delay  Logical Name (Net Name)
    ----------------------------------------  ------------
     FD:C->Q              10   0.591   0.961  output_PC_1 (output_PC_1)
     LUT4:I1->O            3   0.704   0.610  output_R15<5>11 (output_R15<5>_bdd0)
     LUT2:I1->O            1   0.704   0.420  output_R15<5>2 (output_R15_5_OBUF)
     OBUF:I->O                 3.272          output_R15_5_OBUF (output_R15<5>)
    ----------------------------------------
    Total                      7.262ns (5.271ns logic, 1.991ns route)
                                       (72.6% logic, 27.4% route)

=========================================================================


Total REAL time to Xst completion: 8.00 secs
Total CPU time to Xst completion: 8.19 secs
 
--> 

Total memory usage is 4502288 kilobytes

Number of errors   :    0 (   0 filtered)
Number of warnings :    0 (   0 filtered)
Number of infos    :    0 (   0 filtered)

